<?xml version="1.0" encoding="UTF-8"?>
<!-- Generated by org.testng.reporters.JUnitXMLReporter -->
<testsuite ignored="0" hostname="GURUSHAN4" failures="3" tests="11" name="Test" time="321.055" errors="0" timestamp="30 Jun 2021 06:56:58 GMT">
  <testcase classname="com.nova.test.test.NewsLetterPageTest" name="@BeforeMethod setup" time="23.79">
    <failure type="org.openqa.selenium.TimeoutException" message="timeout: Timed out receiving message from renderer: 0.424
  (Session info: chrome=91.0.4472.114)
Build info: version: &amp;apos;4.0.0-beta-3&amp;apos;, revision: &amp;apos;5d108f9a67&amp;apos;
System info: host: &amp;apos;GURUSHAN4&amp;apos;, ip: &amp;apos;15.75.28.109&amp;apos;, os.name: &amp;apos;Windows 10&amp;apos;, os.arch: &amp;apos;amd64&amp;apos;, os.version: &amp;apos;10.0&amp;apos;, java.version: &amp;apos;14.0.2&amp;apos;
Driver info: org.openqa.selenium.chrome.ChromeDriver
Command: [f0604ef82fea7686533b441514d9fcaf, get {url=https://novahou.scs.hpicorp.net/nova/login}]
Capabilities {acceptInsecureCerts: false, browserName: chrome, browserVersion: 91.0.4472.114, chrome: {chromedriverVersion: 91.0.4472.101 (af52a90bf870..., userDataDir: C:\Users\gurushan\AppData\L...}, goog:chromeOptions: {debuggerAddress: localhost:59918}, javascriptEnabled: true, networkConnectionEnabled: false, pageLoadStrategy: normal, platform: WINDOWS, platformName: WINDOWS, proxy: Proxy(), se:cdp: ws://localhost:59918/devtoo..., se:cdpVersion: 91.0.4472.114, setWindowRect: true, strictFileInteractability: false, timeouts: {implicit: 0, pageLoad: 300000, script: 30000}, unhandledPromptBehavior: dismiss and notify, webauthn:extension:largeBlob: true, webauthn:virtualAuthenticators: true}
Session ID: f0604ef82fea7686533b441514d9fcaf">
      <![CDATA[org.openqa.selenium.TimeoutException: timeout: Timed out receiving message from renderer: 0.424
  (Session info: chrome=91.0.4472.114)
Build info: version: '4.0.0-beta-3', revision: '5d108f9a67'
System info: host: 'GURUSHAN4', ip: '15.75.28.109', os.name: 'Windows 10', os.arch: 'amd64', os.version: '10.0', java.version: '14.0.2'
Driver info: org.openqa.selenium.chrome.ChromeDriver
Command: [f0604ef82fea7686533b441514d9fcaf, get {url=https://novahou.scs.hpicorp.net/nova/login}]
Capabilities {acceptInsecureCerts: false, browserName: chrome, browserVersion: 91.0.4472.114, chrome: {chromedriverVersion: 91.0.4472.101 (af52a90bf870..., userDataDir: C:\Users\gurushan\AppData\L...}, goog:chromeOptions: {debuggerAddress: localhost:59918}, javascriptEnabled: true, networkConnectionEnabled: false, pageLoadStrategy: normal, platform: WINDOWS, platformName: WINDOWS, proxy: Proxy(), se:cdp: ws://localhost:59918/devtoo..., se:cdpVersion: 91.0.4472.114, setWindowRect: true, strictFileInteractability: false, timeouts: {implicit: 0, pageLoad: 300000, script: 30000}, unhandledPromptBehavior: dismiss and notify, webauthn:extension:largeBlob: true, webauthn:virtualAuthenticators: true}
Session ID: f0604ef82fea7686533b441514d9fcaf
	at org.openqa.selenium.remote.codec.w3c.W3CHttpResponseCodec.createException(W3CHttpResponseCodec.java:198)
	at org.openqa.selenium.remote.codec.w3c.W3CHttpResponseCodec.decode(W3CHttpResponseCodec.java:131)
	at org.openqa.selenium.remote.codec.w3c.W3CHttpResponseCodec.decode(W3CHttpResponseCodec.java:52)
	at org.openqa.selenium.remote.HttpCommandExecutor.execute(HttpCommandExecutor.java:184)
	at org.openqa.selenium.remote.service.DriverCommandExecutor.invokeExecute(DriverCommandExecutor.java:153)
	at org.openqa.selenium.remote.service.DriverCommandExecutor.execute(DriverCommandExecutor.java:128)
	at org.openqa.selenium.remote.RemoteWebDriver.execute(RemoteWebDriver.java:619)
	at org.openqa.selenium.remote.RemoteWebDriver.get(RemoteWebDriver.java:333)
	at com.nova.test.base.BaseClass.initialization(BaseClass.java:50)
	at com.nova.test.test.NewsLetterPageTest.setup(NewsLetterPageTest.java:21)
... Removed 32 stack frames]]>
    </failure>
  </testcase> <!-- @BeforeMethod setup -->
  <testcase classname="com.nova.test.test.LoginPageTest" name="@BeforeMethod setup" time="22.504">
    <failure type="org.openqa.selenium.TimeoutException" message="timeout: Timed out receiving message from renderer: 7.816
  (Session info: chrome=91.0.4472.114)
Build info: version: &amp;apos;4.0.0-beta-3&amp;apos;, revision: &amp;apos;5d108f9a67&amp;apos;
System info: host: &amp;apos;GURUSHAN4&amp;apos;, ip: &amp;apos;15.75.28.109&amp;apos;, os.name: &amp;apos;Windows 10&amp;apos;, os.arch: &amp;apos;amd64&amp;apos;, os.version: &amp;apos;10.0&amp;apos;, java.version: &amp;apos;14.0.2&amp;apos;
Driver info: org.openqa.selenium.chrome.ChromeDriver
Command: [89478825d92fde4725bf3d34d5a6338c, get {url=https://novahou.scs.hpicorp.net/nova/login}]
Capabilities {acceptInsecureCerts: false, browserName: chrome, browserVersion: 91.0.4472.114, chrome: {chromedriverVersion: 91.0.4472.101 (af52a90bf870..., userDataDir: C:\Users\gurushan\AppData\L...}, goog:chromeOptions: {debuggerAddress: localhost:64701}, javascriptEnabled: true, networkConnectionEnabled: false, pageLoadStrategy: normal, platform: WINDOWS, platformName: WINDOWS, proxy: Proxy(), se:cdp: ws://localhost:64701/devtoo..., se:cdpVersion: 91.0.4472.114, setWindowRect: true, strictFileInteractability: false, timeouts: {implicit: 0, pageLoad: 300000, script: 30000}, unhandledPromptBehavior: dismiss and notify, webauthn:extension:largeBlob: true, webauthn:virtualAuthenticators: true}
Session ID: 89478825d92fde4725bf3d34d5a6338c">
      <![CDATA[org.openqa.selenium.TimeoutException: timeout: Timed out receiving message from renderer: 7.816
  (Session info: chrome=91.0.4472.114)
Build info: version: '4.0.0-beta-3', revision: '5d108f9a67'
System info: host: 'GURUSHAN4', ip: '15.75.28.109', os.name: 'Windows 10', os.arch: 'amd64', os.version: '10.0', java.version: '14.0.2'
Driver info: org.openqa.selenium.chrome.ChromeDriver
Command: [89478825d92fde4725bf3d34d5a6338c, get {url=https://novahou.scs.hpicorp.net/nova/login}]
Capabilities {acceptInsecureCerts: false, browserName: chrome, browserVersion: 91.0.4472.114, chrome: {chromedriverVersion: 91.0.4472.101 (af52a90bf870..., userDataDir: C:\Users\gurushan\AppData\L...}, goog:chromeOptions: {debuggerAddress: localhost:64701}, javascriptEnabled: true, networkConnectionEnabled: false, pageLoadStrategy: normal, platform: WINDOWS, platformName: WINDOWS, proxy: Proxy(), se:cdp: ws://localhost:64701/devtoo..., se:cdpVersion: 91.0.4472.114, setWindowRect: true, strictFileInteractability: false, timeouts: {implicit: 0, pageLoad: 300000, script: 30000}, unhandledPromptBehavior: dismiss and notify, webauthn:extension:largeBlob: true, webauthn:virtualAuthenticators: true}
Session ID: 89478825d92fde4725bf3d34d5a6338c
	at org.openqa.selenium.remote.codec.w3c.W3CHttpResponseCodec.createException(W3CHttpResponseCodec.java:198)
	at org.openqa.selenium.remote.codec.w3c.W3CHttpResponseCodec.decode(W3CHttpResponseCodec.java:131)
	at org.openqa.selenium.remote.codec.w3c.W3CHttpResponseCodec.decode(W3CHttpResponseCodec.java:52)
	at org.openqa.selenium.remote.HttpCommandExecutor.execute(HttpCommandExecutor.java:184)
	at org.openqa.selenium.remote.service.DriverCommandExecutor.invokeExecute(DriverCommandExecutor.java:153)
	at org.openqa.selenium.remote.service.DriverCommandExecutor.execute(DriverCommandExecutor.java:128)
	at org.openqa.selenium.remote.RemoteWebDriver.execute(RemoteWebDriver.java:619)
	at org.openqa.selenium.remote.RemoteWebDriver.get(RemoteWebDriver.java:333)
	at com.nova.test.base.BaseClass.initialization(BaseClass.java:50)
	at com.nova.test.test.LoginPageTest.setup(LoginPageTest.java:23)
... Removed 32 stack frames]]>
    </failure>
  </testcase> <!-- @BeforeMethod setup -->
  <testcase classname="com.nova.test.test.MyProfilePageTest" name="basicInformationTextTest" time="1.017"/>
  <testcase classname="com.nova.test.test.MyProfilePageTest" name="cancelButtonTest" time="1.89">
    <failure type="org.openqa.selenium.ElementClickInterceptedException" message="element click intercepted: Element &amp;lt;div data-v-7978fe14=&amp;quot;&amp;quot; data-v-30d65e64=&amp;quot;&amp;quot; title=&amp;quot;Cancel&amp;quot; class=&amp;quot;nova-button undefined&amp;quot; style=&amp;quot;margin-right: 5px;&amp;quot;&amp;gt;...&amp;lt;/div&amp;gt; is not clickable at point (1376, 35). Other element would receive the click: &amp;lt;div class=&amp;quot;el-loading-mask nova-loading-tips is-fullscreen&amp;quot; style=&amp;quot;background-color: rgba(0, 0, 0, 0.5); z-index: 2000;&amp;quot;&amp;gt;...&amp;lt;/div&amp;gt;
  (Session info: chrome=91.0.4472.114)
Build info: version: &amp;apos;4.0.0-beta-3&amp;apos;, revision: &amp;apos;5d108f9a67&amp;apos;
System info: host: &amp;apos;GURUSHAN4&amp;apos;, ip: &amp;apos;15.75.28.109&amp;apos;, os.name: &amp;apos;Windows 10&amp;apos;, os.arch: &amp;apos;amd64&amp;apos;, os.version: &amp;apos;10.0&amp;apos;, java.version: &amp;apos;14.0.2&amp;apos;
Driver info: org.openqa.selenium.chrome.ChromeDriver
Command: [739775a3ffc8a4856dc9ada10af6d676, clickElement {id=55250ff0-20ee-4488-8ffb-6924f7e04f45}]
Capabilities {acceptInsecureCerts: false, browserName: chrome, browserVersion: 91.0.4472.114, chrome: {chromedriverVersion: 91.0.4472.101 (af52a90bf870..., userDataDir: C:\Users\gurushan\AppData\L...}, goog:chromeOptions: {debuggerAddress: localhost:52181}, javascriptEnabled: true, networkConnectionEnabled: false, pageLoadStrategy: normal, platform: WINDOWS, platformName: WINDOWS, proxy: Proxy(), se:cdp: ws://localhost:52181/devtoo..., se:cdpVersion: 91.0.4472.114, setWindowRect: true, strictFileInteractability: false, timeouts: {implicit: 0, pageLoad: 300000, script: 30000}, unhandledPromptBehavior: dismiss and notify, webauthn:extension:largeBlob: true, webauthn:virtualAuthenticators: true}
Element: [[ChromeDriver: chrome on WINDOWS (739775a3ffc8a4856dc9ada10af6d676)] -&amp;gt; xpath: //div[@title=&amp;apos;Cancel&amp;apos;]]
Session ID: 739775a3ffc8a4856dc9ada10af6d676">
      <![CDATA[org.openqa.selenium.ElementClickInterceptedException: element click intercepted: Element <div data-v-7978fe14="" data-v-30d65e64="" title="Cancel" class="nova-button undefined" style="margin-right: 5px;">...</div> is not clickable at point (1376, 35). Other element would receive the click: <div class="el-loading-mask nova-loading-tips is-fullscreen" style="background-color: rgba(0, 0, 0, 0.5); z-index: 2000;">...</div>
  (Session info: chrome=91.0.4472.114)
Build info: version: '4.0.0-beta-3', revision: '5d108f9a67'
System info: host: 'GURUSHAN4', ip: '15.75.28.109', os.name: 'Windows 10', os.arch: 'amd64', os.version: '10.0', java.version: '14.0.2'
Driver info: org.openqa.selenium.chrome.ChromeDriver
Command: [739775a3ffc8a4856dc9ada10af6d676, clickElement {id=55250ff0-20ee-4488-8ffb-6924f7e04f45}]
Capabilities {acceptInsecureCerts: false, browserName: chrome, browserVersion: 91.0.4472.114, chrome: {chromedriverVersion: 91.0.4472.101 (af52a90bf870..., userDataDir: C:\Users\gurushan\AppData\L...}, goog:chromeOptions: {debuggerAddress: localhost:52181}, javascriptEnabled: true, networkConnectionEnabled: false, pageLoadStrategy: normal, platform: WINDOWS, platformName: WINDOWS, proxy: Proxy(), se:cdp: ws://localhost:52181/devtoo..., se:cdpVersion: 91.0.4472.114, setWindowRect: true, strictFileInteractability: false, timeouts: {implicit: 0, pageLoad: 300000, script: 30000}, unhandledPromptBehavior: dismiss and notify, webauthn:extension:largeBlob: true, webauthn:virtualAuthenticators: true}
Element: [[ChromeDriver: chrome on WINDOWS (739775a3ffc8a4856dc9ada10af6d676)] -> xpath: //div[@title='Cancel']]
Session ID: 739775a3ffc8a4856dc9ada10af6d676
	at org.openqa.selenium.remote.codec.w3c.W3CHttpResponseCodec.createException(W3CHttpResponseCodec.java:198)
	at org.openqa.selenium.remote.codec.w3c.W3CHttpResponseCodec.decode(W3CHttpResponseCodec.java:131)
	at org.openqa.selenium.remote.codec.w3c.W3CHttpResponseCodec.decode(W3CHttpResponseCodec.java:52)
	at org.openqa.selenium.remote.HttpCommandExecutor.execute(HttpCommandExecutor.java:184)
	at org.openqa.selenium.remote.service.DriverCommandExecutor.invokeExecute(DriverCommandExecutor.java:153)
	at org.openqa.selenium.remote.service.DriverCommandExecutor.execute(DriverCommandExecutor.java:128)
	at org.openqa.selenium.remote.RemoteWebDriver.execute(RemoteWebDriver.java:619)
	at org.openqa.selenium.remote.RemoteWebElement.execute(RemoteWebElement.java:237)
	at org.openqa.selenium.remote.RemoteWebElement.click(RemoteWebElement.java:75)
	at org.openqa.selenium.support.pagefactory.internal.LocatingElementHandler.invoke(LocatingElementHandler.java:52)
	at com.sun.proxy.$Proxy17.click(Unknown Source)
	at com.nova.pages.MyProfilePage.cancelButton(MyProfilePage.java:28)
	at com.nova.test.test.MyProfilePageTest.cancelButtonTest(MyProfilePageTest.java:38)
... Removed 34 stack frames]]>
    </failure>
  </testcase> <!-- cancelButtonTest -->
  <testcase classname="com.nova.test.test.HomePageTest" name="clickOn3DotsTest" time="10.971"/>
  <testcase classname="com.nova.test.test.HomePageTest" name="clickOnNews_buttonTest" time="12.298"/>
  <testcase classname="com.nova.test.test.HomePageTest" name="clickOnUserGuideTest" time="28.263">
    <failure type="org.openqa.selenium.NoSuchElementException" message="no such element: Unable to locate element: {&amp;quot;method&amp;quot;:&amp;quot;xpath&amp;quot;,&amp;quot;selector&amp;quot;:&amp;quot;//label[contains(text(),&amp;apos;Nova2.0 User Guide.pdf&amp;apos;)]&amp;quot;}
  (Session info: chrome=91.0.4472.114)
For documentation on this error, please visit: https://selenium.dev/exceptions/#no_such_element
Build info: version: &amp;apos;4.0.0-beta-3&amp;apos;, revision: &amp;apos;5d108f9a67&amp;apos;
System info: host: &amp;apos;GURUSHAN4&amp;apos;, ip: &amp;apos;15.75.28.109&amp;apos;, os.name: &amp;apos;Windows 10&amp;apos;, os.arch: &amp;apos;amd64&amp;apos;, os.version: &amp;apos;10.0&amp;apos;, java.version: &amp;apos;14.0.2&amp;apos;
Driver info: org.openqa.selenium.chrome.ChromeDriver
Command: [48b7c3fc5286ca226324d2e65b0a2cf9, findElement {using=xpath, value=//label[contains(text(),&amp;apos;Nova2.0 User Guide.pdf&amp;apos;)]}]
Capabilities {acceptInsecureCerts: false, browserName: chrome, browserVersion: 91.0.4472.114, chrome: {chromedriverVersion: 91.0.4472.101 (af52a90bf870..., userDataDir: C:\Users\gurushan\AppData\L...}, goog:chromeOptions: {debuggerAddress: localhost:65470}, javascriptEnabled: true, networkConnectionEnabled: false, pageLoadStrategy: normal, platform: WINDOWS, platformName: WINDOWS, proxy: Proxy(), se:cdp: ws://localhost:65470/devtoo..., se:cdpVersion: 91.0.4472.114, setWindowRect: true, strictFileInteractability: false, timeouts: {implicit: 0, pageLoad: 300000, script: 30000}, unhandledPromptBehavior: dismiss and notify, webauthn:extension:largeBlob: true, webauthn:virtualAuthenticators: true}
Session ID: 48b7c3fc5286ca226324d2e65b0a2cf9">
      <![CDATA[org.openqa.selenium.NoSuchElementException: no such element: Unable to locate element: {"method":"xpath","selector":"//label[contains(text(),'Nova2.0 User Guide.pdf')]"}
  (Session info: chrome=91.0.4472.114)
For documentation on this error, please visit: https://selenium.dev/exceptions/#no_such_element
Build info: version: '4.0.0-beta-3', revision: '5d108f9a67'
System info: host: 'GURUSHAN4', ip: '15.75.28.109', os.name: 'Windows 10', os.arch: 'amd64', os.version: '10.0', java.version: '14.0.2'
Driver info: org.openqa.selenium.chrome.ChromeDriver
Command: [48b7c3fc5286ca226324d2e65b0a2cf9, findElement {using=xpath, value=//label[contains(text(),'Nova2.0 User Guide.pdf')]}]
Capabilities {acceptInsecureCerts: false, browserName: chrome, browserVersion: 91.0.4472.114, chrome: {chromedriverVersion: 91.0.4472.101 (af52a90bf870..., userDataDir: C:\Users\gurushan\AppData\L...}, goog:chromeOptions: {debuggerAddress: localhost:65470}, javascriptEnabled: true, networkConnectionEnabled: false, pageLoadStrategy: normal, platform: WINDOWS, platformName: WINDOWS, proxy: Proxy(), se:cdp: ws://localhost:65470/devtoo..., se:cdpVersion: 91.0.4472.114, setWindowRect: true, strictFileInteractability: false, timeouts: {implicit: 0, pageLoad: 300000, script: 30000}, unhandledPromptBehavior: dismiss and notify, webauthn:extension:largeBlob: true, webauthn:virtualAuthenticators: true}
Session ID: 48b7c3fc5286ca226324d2e65b0a2cf9
	at org.openqa.selenium.remote.codec.w3c.W3CHttpResponseCodec.createException(W3CHttpResponseCodec.java:198)
	at org.openqa.selenium.remote.codec.w3c.W3CHttpResponseCodec.decode(W3CHttpResponseCodec.java:131)
	at org.openqa.selenium.remote.codec.w3c.W3CHttpResponseCodec.decode(W3CHttpResponseCodec.java:52)
	at org.openqa.selenium.remote.HttpCommandExecutor.execute(HttpCommandExecutor.java:184)
	at org.openqa.selenium.remote.service.DriverCommandExecutor.invokeExecute(DriverCommandExecutor.java:153)
	at org.openqa.selenium.remote.service.DriverCommandExecutor.execute(DriverCommandExecutor.java:128)
	at org.openqa.selenium.remote.RemoteWebDriver.execute(RemoteWebDriver.java:619)
	at org.openqa.selenium.remote.RemoteWebDriver$Mechanism$2.findElement(RemoteWebDriver.java:1258)
	at org.openqa.selenium.remote.RemoteWebDriver.findElement(RemoteWebDriver.java:386)
	at org.openqa.selenium.remote.RemoteWebDriver.findElement(RemoteWebDriver.java:380)
	at com.nova.test.test.HomePageTest.clickOnUserGuideTest(HomePageTest.java:60)
... Removed 30 stack frames]]>
    </failure>
  </testcase> <!-- clickOnUserGuideTest -->
  <testcase classname="com.nova.test.test.HomePageTest" name="expandLeftCornerTest" time="11.546"/>
  <testcase classname="com.nova.test.test.HomePageTest" name="qualityMattersTest" time="8.864"/>
  <testcase classname="com.nova.test.test.HomePageTest" name="taskExecuteButtonTest" time="0.001"/>
  <testcase classname="com.nova.test.test.EditInfoTest" name="EnterDetailsTest" time="0.093">
    <failure type="java.io.IOException" message="Unable to read entire header; 0 bytes read; expected 512 bytes">
      <![CDATA[java.io.IOException: Unable to read entire header; 0 bytes read; expected 512 bytes
	at org.apache.poi.poifs.storage.HeaderBlock.alertShortRead(HeaderBlock.java:226)
	at org.apache.poi.poifs.storage.HeaderBlock.readFirst512(HeaderBlock.java:207)
	at org.apache.poi.poifs.storage.HeaderBlock.<init>(HeaderBlock.java:104)
	at org.apache.poi.poifs.filesystem.POIFSFileSystem.<init>(POIFSFileSystem.java:138)
	at org.apache.poi.hssf.usermodel.HSSFWorkbook.<init>(HSSFWorkbook.java:322)
	at org.apache.poi.hssf.usermodel.HSSFWorkbook.<init>(HSSFWorkbook.java:303)
	at com.nova.pages.EditPage.EnterDetails(EditPage.java:39)
	at com.nova.test.test.EditInfoTest.EnterDetailsTest(EditInfoTest.java:32)
... Removed 25 stack frames]]>
    </failure>
  </testcase> <!-- EnterDetailsTest -->
  <testcase classname="com.nova.test.test.NewsLetterPageTest" name="clickOnBackListButtonTest" time="0.0">
    <skipped/>
  </testcase> <!-- clickOnBackListButtonTest -->
  <testcase classname="com.nova.test.test.LoginPageTest" name="verifyTitleTest" time="0.0">
    <skipped/>
  </testcase> <!-- verifyTitleTest -->
</testsuite> <!-- Test -->
